<?xml version="1.0" encoding="UTF-8"?>
<!-- Generated by org.testng.reporters.JUnitReportReporter -->
<testsuite skipped="0" hostname="JYOTISH-WI8" name="com.practice.testFramework.testScripts.TestLogin" tests="1" failures="0" timestamp="21 Feb 2019 12:02:55 GMT" time="0.014" errors="0">
  <testcase name="login" time="0.014" classname="com.practice.testFramework.testScripts.TestLogin"/>
</testsuite> <!-- com.practice.testFramework.testScripts.TestLogin -->
